{
    "meta": {
        "format": 3,
        "version": "7.10.3",
        "timestamp": "2025-08-15T01:44:39.901472",
        "branch_coverage": false,
        "show_contexts": false
    },
    "files": {
        "backend/__init__.py": {
            "executed_lines": [],
            "summary": {
                "covered_lines": 0,
                "num_statements": 0,
                "percent_covered": 100.0,
                "percent_covered_display": "100",
                "missing_lines": 0,
                "excluded_lines": 0
            },
            "missing_lines": [],
            "excluded_lines": [],
            "functions": {
                "": {
                    "executed_lines": [],
                    "summary": {
                        "covered_lines": 0,
                        "num_statements": 0,
                        "percent_covered": 100.0,
                        "percent_covered_display": "100",
                        "missing_lines": 0,
                        "excluded_lines": 0
                    },
                    "missing_lines": [],
                    "excluded_lines": []
                }
            },
            "classes": {
                "": {
                    "executed_lines": [],
                    "summary": {
                        "covered_lines": 0,
                        "num_statements": 0,
                        "percent_covered": 100.0,
                        "percent_covered_display": "100",
                        "missing_lines": 0,
                        "excluded_lines": 0
                    },
                    "missing_lines": [],
                    "excluded_lines": []
                }
            }
        },
        "backend/api.py": {
            "executed_lines": [],
            "summary": {
                "covered_lines": 0,
                "num_statements": 939,
                "percent_covered": 0.0,
                "percent_covered_display": "0",
                "missing_lines": 939,
                "excluded_lines": 0
            },
            "missing_lines": [
                6,
                7,
                8,
                9,
                10,
                11,
                12,
                13,
                14,
                15,
                16,
                19,
                22,
                25,
                27,
                28,
                29,
                30,
                32,
                33,
                34,
                35,
                36,
                38,
                45,
                46,
                47,
                48,
                49,
                50,
                51,
                52,
                55,
                56,
                57,
                58,
                61,
                62,
                63,
                64,
                65,
                66,
                69,
                73,
                81,
                83,
                84,
                86,
                87,
                89,
                98,
                99,
                101,
                102,
                103,
                104,
                105,
                106,
                108,
                109,
                113,
                122,
                123,
                125,
                126,
                129,
                130,
                131,
                134,
                135,
                138,
                139,
                141,
                142,
                143,
                144,
                147,
                149,
                150,
                151,
                152,
                155,
                156,
                158,
                159,
                162,
                163,
                165,
                166,
                167,
                168,
                170,
                172,
                173,
                176,
                177,
                179,
                182,
                183,
                185,
                186,
                187,
                192,
                193,
                194,
                195,
                196,
                197,
                198,
                203,
                204,
                214,
                215,
                217,
                218,
                219,
                220,
                222,
                223,
                226,
                229,
                232,
                236,
                245,
                246,
                247,
                248,
                249,
                250,
                251,
                254,
                255,
                257,
                258,
                259,
                260,
                261,
                262,
                263,
                266,
                267,
                269,
                270,
                271,
                273,
                275,
                278,
                280,
                281,
                282,
                285,
                286,
                290,
                291,
                292,
                293,
                296,
                297,
                299,
                300,
                301,
                305,
                306,
                308,
                309,
                310,
                313,
                314,
                316,
                317,
                318,
                319,
                320,
                323,
                324,
                326,
                327,
                328,
                329,
                332,
                333,
                334,
                335,
                337,
                338,
                339,
                341,
                342,
                343,
                344,
                346,
                349,
                351,
                353,
                354,
                362,
                363,
                364,
                365,
                366,
                367,
                368,
                370,
                377,
                378,
                379,
                382,
                383,
                385,
                386,
                387,
                388,
                391,
                392,
                393,
                396,
                397,
                399,
                400,
                401,
                402,
                403,
                406,
                407,
                409,
                410,
                411,
                413,
                414,
                416,
                417,
                418,
                419,
                422,
                423,
                424,
                427,
                431,
                439,
                440,
                442,
                469,
                470,
                471,
                474,
                475,
                477,
                478,
                480,
                481,
                484,
                487,
                488,
                489,
                490,
                493,
                494,
                496,
                502,
                503,
                506,
                507,
                509,
                510,
                511,
                512,
                514,
                515,
                516,
                518,
                519,
                520,
                521,
                522,
                525,
                526,
                528,
                529,
                530,
                531,
                534,
                535,
                537,
                539,
                540,
                541,
                542,
                543,
                544,
                545,
                546,
                547,
                549,
                551,
                552,
                555,
                556,
                563,
                564,
                567,
                568,
                571,
                572,
                573,
                575,
                582,
                583,
                584,
                588,
                589,
                591,
                592,
                593,
                596,
                599,
                607,
                608,
                609,
                612,
                613,
                615,
                616,
                617,
                620,
                623,
                631,
                632,
                633,
                636,
                637,
                639,
                640,
                641,
                644,
                645,
                647,
                648,
                649,
                657,
                659,
                660,
                661,
                664,
                665,
                667,
                668,
                669,
                672,
                678,
                679,
                684,
                686,
                688,
                689,
                693,
                694,
                696,
                697,
                698,
                700,
                701,
                703,
                709,
                710,
                711,
                712,
                715,
                716,
                718,
                719,
                720,
                722,
                723,
                725,
                731,
                732,
                733,
                734,
                737,
                738,
                743,
                744,
                746,
                747,
                750,
                751,
                752,
                753,
                756,
                757,
                758,
                760,
                761,
                767,
                768,
                770,
                771,
                774,
                777,
                789,
                790,
                792,
                794,
                795,
                796,
                797,
                798,
                801,
                802,
                804,
                805,
                806,
                809,
                810,
                812,
                813,
                814,
                816,
                819,
                820,
                822,
                823,
                832,
                833,
                834,
                835,
                840,
                843,
                844,
                845,
                850,
                852,
                854,
                864,
                866,
                867,
                868,
                873,
                874,
                876,
                877,
                878,
                880,
                881,
                883,
                885,
                886,
                887,
                892,
                894,
                896,
                897,
                898,
                899,
                900,
                903,
                904,
                906,
                907,
                908,
                910,
                911,
                914,
                915,
                916,
                918,
                919,
                924,
                926,
                933,
                935,
                936,
                937,
                938,
                939,
                942,
                943,
                945,
                946,
                947,
                950,
                951,
                952,
                954,
                955,
                960,
                961,
                963,
                965,
                976,
                978,
                979,
                980,
                981,
                982,
                985,
                986,
                988,
                989,
                990,
                993,
                994,
                995,
                997,
                998,
                1003,
                1004,
                1006,
                1008,
                1015,
                1017,
                1018,
                1019,
                1020,
                1021,
                1025,
                1026,
                1028,
                1029,
                1030,
                1031,
                1033,
                1036,
                1037,
                1039,
                1049,
                1051,
                1060,
                1061,
                1064,
                1065,
                1067,
                1068,
                1069,
                1071,
                1072,
                1073,
                1075,
                1077,
                1078,
                1079,
                1080,
                1083,
                1084,
                1086,
                1087,
                1089,
                1090,
                1095,
                1096,
                1098,
                1099,
                1102,
                1103,
                1105,
                1106,
                1108,
                1109,
                1110,
                1111,
                1112,
                1114,
                1115,
                1118,
                1119,
                1120,
                1121,
                1122,
                1123,
                1128,
                1129,
                1130,
                1131,
                1132,
                1133,
                1138,
                1139,
                1146,
                1148,
                1149,
                1152,
                1153,
                1155,
                1156,
                1157,
                1159,
                1160,
                1162,
                1172,
                1173,
                1180,
                1181,
                1183,
                1184,
                1186,
                1187,
                1188,
                1189,
                1190,
                1191,
                1193,
                1194,
                1197,
                1198,
                1199,
                1200,
                1206,
                1207,
                1208,
                1209,
                1210,
                1211,
                1216,
                1217,
                1218,
                1219,
                1220,
                1221,
                1226,
                1236,
                1249,
                1250,
                1252,
                1254,
                1255,
                1256,
                1257,
                1258,
                1261,
                1262,
                1264,
                1266,
                1297,
                1304,
                1305,
                1307,
                1308,
                1310,
                1312,
                1314,
                1315,
                1316,
                1319,
                1320,
                1322,
                1323,
                1325,
                1326,
                1327,
                1329,
                1330,
                1331,
                1333,
                1339,
                1340,
                1341,
                1342,
                1343,
                1346,
                1347,
                1349,
                1350,
                1352,
                1353,
                1355,
                1356,
                1360,
                1361,
                1363,
                1364,
                1366,
                1368,
                1369,
                1370,
                1371,
                1374,
                1375,
                1377,
                1378,
                1380,
                1381,
                1383,
                1384,
                1386,
                1388,
                1389,
                1390,
                1391,
                1395,
                1396,
                1398,
                1399,
                1401,
                1403,
                1404,
                1406,
                1408,
                1409,
                1412,
                1413,
                1415,
                1416,
                1418,
                1419,
                1421,
                1423,
                1424,
                1427,
                1428,
                1430,
                1431,
                1433,
                1434,
                1436,
                1437,
                1439,
                1441,
                1442,
                1443,
                1444,
                1446,
                1448,
                1450,
                1451,
                1452,
                1453,
                1456,
                1457,
                1459,
                1460,
                1462,
                1463,
                1465,
                1467,
                1468,
                1474,
                1475,
                1477,
                1478,
                1480,
                1481,
                1483,
                1485,
                1486,
                1487,
                1492,
                1493,
                1495,
                1496,
                1498,
                1504,
                1505,
                1509,
                1510,
                1512,
                1514,
                1515,
                1516,
                1517,
                1518,
                1524,
                1525,
                1528,
                1529,
                1531,
                1532,
                1534,
                1535,
                1537,
                1539,
                1540,
                1541,
                1546,
                1547,
                1549,
                1550,
                1553,
                1554,
                1555,
                1560,
                1561,
                1562,
                1563,
                1564,
                1566,
                1567,
                1569,
                1571,
                1572,
                1573,
                1574,
                1575,
                1580,
                1581,
                1583,
                1584,
                1586,
                1587,
                1589,
                1591,
                1592,
                1593,
                1601,
                1602,
                1604,
                1605,
                1607,
                1608,
                1610,
                1612,
                1613,
                1614,
                1619,
                1620,
                1622,
                1623,
                1625,
                1626,
                1628,
                1639,
                1640,
                1641,
                1646,
                1648,
                1649,
                1651,
                1652,
                1655,
                1658,
                1661,
                1662,
                1664,
                1673,
                1674,
                1675,
                1682,
                1686,
                1687,
                1693,
                1698,
                1701,
                1703,
                1711,
                1712,
                1714,
                1715,
                1717,
                1725,
                1728,
                1731,
                1732,
                1733,
                1734,
                1737,
                1742,
                1744,
                1745,
                1746,
                1748,
                1751,
                1758,
                1761,
                1769,
                1771,
                1779,
                1780,
                1782,
                1783,
                1784,
                1786,
                1787,
                1791,
                1792,
                1793,
                1796,
                1797,
                1799,
                1800,
                1801,
                1802,
                1803,
                1804,
                1807,
                1808,
                1810,
                1811,
                1812,
                1814,
                1815,
                1819,
                1820,
                1821,
                1824,
                1825,
                1827,
                1828,
                1829,
                1831,
                1832,
                1839,
                1840,
                1841,
                1844,
                1845,
                1847,
                1848,
                1849,
                1850,
                1851,
                1852,
                1855,
                1856,
                1858,
                1859,
                1862,
                1863,
                1866,
                1867,
                1868,
                1869,
                1870,
                1871,
                1872,
                1875,
                1876,
                1877,
                1878,
                1879,
                1880,
                1883,
                1884,
                1885,
                1887,
                1895,
                1897,
                1898,
                1901,
                1902,
                1904
            ],
            "excluded_lines": [],
            "functions": {
                "create_response": {
                    "executed_lines": [],
                    "summary": {
                        "covered_lines": 0,
                        "num_statements": 1,
                        "percent_covered": 0.0,
                        "percent_covered_display": "0",
                        "missing_lines": 1,
                        "excluded_lines": 0
                    },
                    "missing_lines": [
                        73
                    ],
                    "excluded_lines": []
                },
                "create_error_response": {
                    "executed_lines": [],
                    "summary": {
                        "covered_lines": 0,
                        "num_statements": 5,
                        "percent_covered": 0.0,
                        "percent_covered_display": "0",
                        "missing_lines": 5,
                        "excluded_lines": 0
                    },
                    "missing_lines": [
                        83,
                        84,
                        86,
                        87,
                        89
                    ],
                    "excluded_lines": []
                },
                "error_handling_middleware": {
                    "executed_lines": [],
                    "summary": {
                        "covered_lines": 0,
                        "num_statements": 8,
                        "percent_covered": 0.0,
                        "percent_covered_display": "0",
                        "missing_lines": 8,
                        "excluded_lines": 0
                    },
                    "missing_lines": [
                        101,
                        102,
                        103,
                        104,
                        105,
                        106,
                        108,
                        109
                    ],
                    "excluded_lines": []
                },
                "startup_event": {
                    "executed_lines": [],
                    "summary": {
                        "covered_lines": 0,
                        "num_statements": 18,
                        "percent_covered": 0.0,
                        "percent_covered_display": "0",
                        "missing_lines": 18,
                        "excluded_lines": 0
                    },
                    "missing_lines": [
                        125,
                        126,
                        129,
                        130,
                        131,
                        134,
                        135,
                        138,
                        139,
                        141,
                        142,
                        143,
                        144,
                        147,
                        149,
                        150,
                        151,
                        152
                    ],
                    "excluded_lines": []
                },
                "shutdown_event": {
                    "executed_lines": [],
                    "summary": {
                        "covered_lines": 0,
                        "num_statements": 11,
                        "percent_covered": 0.0,
                        "percent_covered_display": "0",
                        "missing_lines": 11,
                        "excluded_lines": 0
                    },
                    "missing_lines": [
                        158,
                        159,
                        162,
                        163,
                        165,
                        166,
                        167,
                        168,
                        170,
                        172,
                        173
                    ],
                    "excluded_lines": []
                },
                "health_check": {
                    "executed_lines": [],
                    "summary": {
                        "covered_lines": 0,
                        "num_statements": 1,
                        "percent_covered": 0.0,
                        "percent_covered_display": "0",
                        "missing_lines": 1,
                        "excluded_lines": 0
                    },
                    "missing_lines": [
                        179
                    ],
                    "excluded_lines": []
                },
                "get_config": {
                    "executed_lines": [],
                    "summary": {
                        "covered_lines": 0,
                        "num_statements": 10,
                        "percent_covered": 0.0,
                        "percent_covered_display": "0",
                        "missing_lines": 10,
                        "excluded_lines": 0
                    },
                    "missing_lines": [
                        185,
                        186,
                        187,
                        192,
                        193,
                        194,
                        195,
                        196,
                        197,
                        198
                    ],
                    "excluded_lines": []
                },
                "get_papers": {
                    "executed_lines": [],
                    "summary": {
                        "covered_lines": 0,
                        "num_statements": 19,
                        "percent_covered": 0.0,
                        "percent_covered_display": "0",
                        "missing_lines": 19,
                        "excluded_lines": 0
                    },
                    "missing_lines": [
                        214,
                        215,
                        217,
                        218,
                        219,
                        220,
                        222,
                        223,
                        226,
                        229,
                        232,
                        236,
                        245,
                        246,
                        247,
                        248,
                        249,
                        250,
                        251
                    ],
                    "excluded_lines": []
                },
                "get_all_papers": {
                    "executed_lines": [],
                    "summary": {
                        "covered_lines": 0,
                        "num_statements": 7,
                        "percent_covered": 0.0,
                        "percent_covered_display": "0",
                        "missing_lines": 7,
                        "excluded_lines": 0
                    },
                    "missing_lines": [
                        257,
                        258,
                        259,
                        260,
                        261,
                        262,
                        263
                    ],
                    "excluded_lines": []
                },
                "get_recent_papers": {
                    "executed_lines": [],
                    "summary": {
                        "covered_lines": 0,
                        "num_statements": 9,
                        "percent_covered": 0.0,
                        "percent_covered_display": "0",
                        "missing_lines": 9,
                        "excluded_lines": 0
                    },
                    "missing_lines": [
                        269,
                        270,
                        271,
                        273,
                        275,
                        278,
                        280,
                        281,
                        282
                    ],
                    "excluded_lines": []
                },
                "get_papers_for_rating": {
                    "executed_lines": [],
                    "summary": {
                        "covered_lines": 0,
                        "num_statements": 14,
                        "percent_covered": 0.0,
                        "percent_covered_display": "0",
                        "missing_lines": 14,
                        "excluded_lines": 0
                    },
                    "missing_lines": [
                        290,
                        291,
                        292,
                        293,
                        296,
                        297,
                        299,
                        300,
                        301,
                        305,
                        306,
                        308,
                        309,
                        310
                    ],
                    "excluded_lines": []
                },
                "get_categories": {
                    "executed_lines": [],
                    "summary": {
                        "covered_lines": 0,
                        "num_statements": 5,
                        "percent_covered": 0.0,
                        "percent_covered_display": "0",
                        "missing_lines": 5,
                        "excluded_lines": 0
                    },
                    "missing_lines": [
                        316,
                        317,
                        318,
                        319,
                        320
                    ],
                    "excluded_lines": []
                },
                "get_paper_stats": {
                    "executed_lines": [],
                    "summary": {
                        "covered_lines": 0,
                        "num_statements": 31,
                        "percent_covered": 0.0,
                        "percent_covered_display": "0",
                        "missing_lines": 31,
                        "excluded_lines": 0
                    },
                    "missing_lines": [
                        326,
                        327,
                        328,
                        329,
                        332,
                        333,
                        334,
                        335,
                        337,
                        338,
                        339,
                        341,
                        342,
                        343,
                        344,
                        346,
                        349,
                        351,
                        353,
                        354,
                        362,
                        363,
                        364,
                        365,
                        366,
                        367,
                        368,
                        370,
                        377,
                        378,
                        379
                    ],
                    "excluded_lines": []
                },
                "get_analytics_overview": {
                    "executed_lines": [],
                    "summary": {
                        "covered_lines": 0,
                        "num_statements": 36,
                        "percent_covered": 0.0,
                        "percent_covered_display": "0",
                        "missing_lines": 36,
                        "excluded_lines": 0
                    },
                    "missing_lines": [
                        385,
                        386,
                        387,
                        388,
                        391,
                        392,
                        393,
                        396,
                        397,
                        399,
                        400,
                        401,
                        402,
                        403,
                        406,
                        407,
                        409,
                        410,
                        411,
                        413,
                        414,
                        416,
                        417,
                        418,
                        419,
                        422,
                        423,
                        424,
                        427,
                        431,
                        439,
                        440,
                        442,
                        469,
                        470,
                        471
                    ],
                    "excluded_lines": []
                },
                "generate_sample_scores": {
                    "executed_lines": [],
                    "summary": {
                        "covered_lines": 0,
                        "num_statements": 14,
                        "percent_covered": 0.0,
                        "percent_covered_display": "0",
                        "missing_lines": 14,
                        "excluded_lines": 0
                    },
                    "missing_lines": [
                        477,
                        478,
                        480,
                        481,
                        484,
                        487,
                        488,
                        489,
                        490,
                        493,
                        494,
                        496,
                        502,
                        503
                    ],
                    "excluded_lines": []
                },
                "get_paper": {
                    "executed_lines": [],
                    "summary": {
                        "covered_lines": 0,
                        "num_statements": 12,
                        "percent_covered": 0.0,
                        "percent_covered_display": "0",
                        "missing_lines": 12,
                        "excluded_lines": 0
                    },
                    "missing_lines": [
                        509,
                        510,
                        511,
                        512,
                        514,
                        515,
                        516,
                        518,
                        519,
                        520,
                        521,
                        522
                    ],
                    "excluded_lines": []
                },
                "search_papers": {
                    "executed_lines": [],
                    "summary": {
                        "covered_lines": 0,
                        "num_statements": 32,
                        "percent_covered": 0.0,
                        "percent_covered_display": "0",
                        "missing_lines": 32,
                        "excluded_lines": 0
                    },
                    "missing_lines": [
                        528,
                        529,
                        530,
                        531,
                        534,
                        535,
                        537,
                        539,
                        540,
                        541,
                        542,
                        543,
                        544,
                        545,
                        546,
                        547,
                        549,
                        551,
                        552,
                        555,
                        556,
                        563,
                        564,
                        567,
                        568,
                        571,
                        572,
                        573,
                        575,
                        582,
                        583,
                        584
                    ],
                    "excluded_lines": []
                },
                "get_recommendations": {
                    "executed_lines": [],
                    "summary": {
                        "covered_lines": 0,
                        "num_statements": 8,
                        "percent_covered": 0.0,
                        "percent_covered_display": "0",
                        "missing_lines": 8,
                        "excluded_lines": 0
                    },
                    "missing_lines": [
                        591,
                        592,
                        593,
                        596,
                        599,
                        607,
                        608,
                        609
                    ],
                    "excluded_lines": []
                },
                "generate_recommendations": {
                    "executed_lines": [],
                    "summary": {
                        "covered_lines": 0,
                        "num_statements": 8,
                        "percent_covered": 0.0,
                        "percent_covered_display": "0",
                        "missing_lines": 8,
                        "excluded_lines": 0
                    },
                    "missing_lines": [
                        615,
                        616,
                        617,
                        620,
                        623,
                        631,
                        632,
                        633
                    ],
                    "excluded_lines": []
                },
                "get_user_ratings": {
                    "executed_lines": [],
                    "summary": {
                        "covered_lines": 0,
                        "num_statements": 12,
                        "percent_covered": 0.0,
                        "percent_covered_display": "0",
                        "missing_lines": 12,
                        "excluded_lines": 0
                    },
                    "missing_lines": [
                        639,
                        640,
                        641,
                        644,
                        645,
                        647,
                        648,
                        649,
                        657,
                        659,
                        660,
                        661
                    ],
                    "excluded_lines": []
                },
                "update_rating": {
                    "executed_lines": [],
                    "summary": {
                        "covered_lines": 0,
                        "num_statements": 10,
                        "percent_covered": 0.0,
                        "percent_covered_display": "0",
                        "missing_lines": 10,
                        "excluded_lines": 0
                    },
                    "missing_lines": [
                        667,
                        668,
                        669,
                        672,
                        678,
                        679,
                        684,
                        686,
                        688,
                        689
                    ],
                    "excluded_lines": []
                },
                "get_paper_references": {
                    "executed_lines": [],
                    "summary": {
                        "covered_lines": 0,
                        "num_statements": 10,
                        "percent_covered": 0.0,
                        "percent_covered_display": "0",
                        "missing_lines": 10,
                        "excluded_lines": 0
                    },
                    "missing_lines": [
                        696,
                        697,
                        698,
                        700,
                        701,
                        703,
                        709,
                        710,
                        711,
                        712
                    ],
                    "excluded_lines": []
                },
                "get_paper_citations": {
                    "executed_lines": [],
                    "summary": {
                        "covered_lines": 0,
                        "num_statements": 16,
                        "percent_covered": 0.0,
                        "percent_covered_display": "0",
                        "missing_lines": 16,
                        "excluded_lines": 0
                    },
                    "missing_lines": [
                        876,
                        877,
                        878,
                        880,
                        881,
                        883,
                        885,
                        886,
                        887,
                        892,
                        894,
                        896,
                        897,
                        898,
                        899,
                        900
                    ],
                    "excluded_lines": []
                },
                "fetch_paper_references": {
                    "executed_lines": [],
                    "summary": {
                        "covered_lines": 0,
                        "num_statements": 27,
                        "percent_covered": 0.0,
                        "percent_covered_display": "0",
                        "missing_lines": 27,
                        "excluded_lines": 0
                    },
                    "missing_lines": [
                        743,
                        744,
                        746,
                        747,
                        750,
                        751,
                        752,
                        753,
                        756,
                        757,
                        758,
                        760,
                        761,
                        767,
                        768,
                        770,
                        771,
                        774,
                        777,
                        789,
                        790,
                        792,
                        794,
                        795,
                        796,
                        797,
                        798
                    ],
                    "excluded_lines": []
                },
                "get_citation_network": {
                    "executed_lines": [],
                    "summary": {
                        "covered_lines": 0,
                        "num_statements": 12,
                        "percent_covered": 0.0,
                        "percent_covered_display": "0",
                        "missing_lines": 12,
                        "excluded_lines": 0
                    },
                    "missing_lines": [
                        804,
                        805,
                        806,
                        809,
                        810,
                        812,
                        852,
                        854,
                        864,
                        866,
                        867,
                        868
                    ],
                    "excluded_lines": []
                },
                "get_citation_network.add_paper_to_network": {
                    "executed_lines": [],
                    "summary": {
                        "covered_lines": 0,
                        "num_statements": 16,
                        "percent_covered": 0.0,
                        "percent_covered_display": "0",
                        "missing_lines": 16,
                        "excluded_lines": 0
                    },
                    "missing_lines": [
                        813,
                        814,
                        816,
                        819,
                        820,
                        822,
                        823,
                        832,
                        833,
                        834,
                        835,
                        840,
                        843,
                        844,
                        845,
                        850
                    ],
                    "excluded_lines": []
                },
                "get_similar_papers": {
                    "executed_lines": [],
                    "summary": {
                        "covered_lines": 0,
                        "num_statements": 18,
                        "percent_covered": 0.0,
                        "percent_covered_display": "0",
                        "missing_lines": 18,
                        "excluded_lines": 0
                    },
                    "missing_lines": [
                        906,
                        907,
                        908,
                        910,
                        911,
                        914,
                        915,
                        916,
                        918,
                        919,
                        924,
                        926,
                        933,
                        935,
                        936,
                        937,
                        938,
                        939
                    ],
                    "excluded_lines": []
                },
                "get_enhanced_references": {
                    "executed_lines": [],
                    "summary": {
                        "covered_lines": 0,
                        "num_statements": 18,
                        "percent_covered": 0.0,
                        "percent_covered_display": "0",
                        "missing_lines": 18,
                        "excluded_lines": 0
                    },
                    "missing_lines": [
                        945,
                        946,
                        947,
                        950,
                        951,
                        952,
                        954,
                        955,
                        960,
                        961,
                        963,
                        965,
                        976,
                        978,
                        979,
                        980,
                        981,
                        982
                    ],
                    "excluded_lines": []
                },
                "trigger_openalex_enrichment": {
                    "executed_lines": [],
                    "summary": {
                        "covered_lines": 0,
                        "num_statements": 18,
                        "percent_covered": 0.0,
                        "percent_covered_display": "0",
                        "missing_lines": 18,
                        "excluded_lines": 0
                    },
                    "missing_lines": [
                        988,
                        989,
                        990,
                        993,
                        994,
                        995,
                        997,
                        998,
                        1003,
                        1004,
                        1006,
                        1008,
                        1015,
                        1017,
                        1018,
                        1019,
                        1020,
                        1021
                    ],
                    "excluded_lines": []
                },
                "start_collection": {
                    "executed_lines": [],
                    "summary": {
                        "covered_lines": 0,
                        "num_statements": 12,
                        "percent_covered": 0.0,
                        "percent_covered_display": "0",
                        "missing_lines": 12,
                        "excluded_lines": 0
                    },
                    "missing_lines": [
                        1028,
                        1029,
                        1030,
                        1031,
                        1033,
                        1036,
                        1037,
                        1039,
                        1049,
                        1051,
                        1060,
                        1061
                    ],
                    "excluded_lines": []
                },
                "get_collection_status": {
                    "executed_lines": [],
                    "summary": {
                        "covered_lines": 0,
                        "num_statements": 11,
                        "percent_covered": 0.0,
                        "percent_covered_display": "0",
                        "missing_lines": 11,
                        "excluded_lines": 0
                    },
                    "missing_lines": [
                        1067,
                        1068,
                        1069,
                        1071,
                        1072,
                        1073,
                        1075,
                        1077,
                        1078,
                        1079,
                        1080
                    ],
                    "excluded_lines": []
                },
                "preview_collection": {
                    "executed_lines": [],
                    "summary": {
                        "covered_lines": 0,
                        "num_statements": 8,
                        "percent_covered": 0.0,
                        "percent_covered_display": "0",
                        "missing_lines": 8,
                        "excluded_lines": 0
                    },
                    "missing_lines": [
                        1086,
                        1087,
                        1089,
                        1090,
                        1095,
                        1096,
                        1098,
                        1099
                    ],
                    "excluded_lines": []
                },
                "generate_queries": {
                    "executed_lines": [],
                    "summary": {
                        "covered_lines": 0,
                        "num_statements": 26,
                        "percent_covered": 0.0,
                        "percent_covered_display": "0",
                        "missing_lines": 26,
                        "excluded_lines": 0
                    },
                    "missing_lines": [
                        1105,
                        1106,
                        1108,
                        1109,
                        1110,
                        1111,
                        1112,
                        1114,
                        1115,
                        1118,
                        1119,
                        1120,
                        1121,
                        1122,
                        1123,
                        1128,
                        1129,
                        1130,
                        1131,
                        1132,
                        1133,
                        1138,
                        1139,
                        1146,
                        1148,
                        1149
                    ],
                    "excluded_lines": []
                },
                "get_llm_providers": {
                    "executed_lines": [],
                    "summary": {
                        "covered_lines": 0,
                        "num_statements": 8,
                        "percent_covered": 0.0,
                        "percent_covered_display": "0",
                        "missing_lines": 8,
                        "excluded_lines": 0
                    },
                    "missing_lines": [
                        1155,
                        1156,
                        1157,
                        1159,
                        1160,
                        1162,
                        1172,
                        1173
                    ],
                    "excluded_lines": []
                },
                "generate_queries_collaborative": {
                    "executed_lines": [],
                    "summary": {
                        "covered_lines": 0,
                        "num_statements": 36,
                        "percent_covered": 0.0,
                        "percent_covered_display": "0",
                        "missing_lines": 36,
                        "excluded_lines": 0
                    },
                    "missing_lines": [
                        1183,
                        1184,
                        1186,
                        1187,
                        1188,
                        1189,
                        1190,
                        1191,
                        1193,
                        1194,
                        1197,
                        1198,
                        1199,
                        1200,
                        1206,
                        1207,
                        1208,
                        1209,
                        1210,
                        1211,
                        1216,
                        1217,
                        1218,
                        1219,
                        1220,
                        1221,
                        1226,
                        1236,
                        1249,
                        1250,
                        1252,
                        1254,
                        1255,
                        1256,
                        1257,
                        1258
                    ],
                    "excluded_lines": []
                },
                "get_collaboration_strategies": {
                    "executed_lines": [],
                    "summary": {
                        "covered_lines": 0,
                        "num_statements": 3,
                        "percent_covered": 0.0,
                        "percent_covered_display": "0",
                        "missing_lines": 3,
                        "excluded_lines": 0
                    },
                    "missing_lines": [
                        1264,
                        1266,
                        1297
                    ],
                    "excluded_lines": []
                },
                "get_collaboration_usage_stats": {
                    "executed_lines": [],
                    "summary": {
                        "covered_lines": 0,
                        "num_statements": 7,
                        "percent_covered": 0.0,
                        "percent_covered_display": "0",
                        "missing_lines": 7,
                        "excluded_lines": 0
                    },
                    "missing_lines": [
                        1307,
                        1308,
                        1310,
                        1312,
                        1314,
                        1315,
                        1316
                    ],
                    "excluded_lines": []
                },
                "switch_default_provider": {
                    "executed_lines": [],
                    "summary": {
                        "covered_lines": 0,
                        "num_statements": 14,
                        "percent_covered": 0.0,
                        "percent_covered_display": "0",
                        "missing_lines": 14,
                        "excluded_lines": 0
                    },
                    "missing_lines": [
                        1322,
                        1323,
                        1325,
                        1326,
                        1327,
                        1329,
                        1330,
                        1331,
                        1333,
                        1339,
                        1340,
                        1341,
                        1342,
                        1343
                    ],
                    "excluded_lines": []
                },
                "save_collection_config": {
                    "executed_lines": [],
                    "summary": {
                        "covered_lines": 0,
                        "num_statements": 15,
                        "percent_covered": 0.0,
                        "percent_covered_display": "0",
                        "missing_lines": 15,
                        "excluded_lines": 0
                    },
                    "missing_lines": [
                        1349,
                        1350,
                        1352,
                        1353,
                        1355,
                        1356,
                        1360,
                        1361,
                        1363,
                        1364,
                        1366,
                        1368,
                        1369,
                        1370,
                        1371
                    ],
                    "excluded_lines": []
                },
                "load_collection_config": {
                    "executed_lines": [],
                    "summary": {
                        "covered_lines": 0,
                        "num_statements": 11,
                        "percent_covered": 0.0,
                        "percent_covered_display": "0",
                        "missing_lines": 11,
                        "excluded_lines": 0
                    },
                    "missing_lines": [
                        1377,
                        1378,
                        1380,
                        1381,
                        1383,
                        1384,
                        1386,
                        1388,
                        1389,
                        1390,
                        1391
                    ],
                    "excluded_lines": []
                },
                "create_backup": {
                    "executed_lines": [],
                    "summary": {
                        "covered_lines": 0,
                        "num_statements": 8,
                        "percent_covered": 0.0,
                        "percent_covered_display": "0",
                        "missing_lines": 8,
                        "excluded_lines": 0
                    },
                    "missing_lines": [
                        1782,
                        1783,
                        1784,
                        1786,
                        1787,
                        1791,
                        1792,
                        1793
                    ],
                    "excluded_lines": []
                },
                "list_backups": {
                    "executed_lines": [],
                    "summary": {
                        "covered_lines": 0,
                        "num_statements": 6,
                        "percent_covered": 0.0,
                        "percent_covered_display": "0",
                        "missing_lines": 6,
                        "excluded_lines": 0
                    },
                    "missing_lines": [
                        1799,
                        1800,
                        1801,
                        1802,
                        1803,
                        1804
                    ],
                    "excluded_lines": []
                },
                "restore_backup": {
                    "executed_lines": [],
                    "summary": {
                        "covered_lines": 0,
                        "num_statements": 8,
                        "percent_covered": 0.0,
                        "percent_covered_display": "0",
                        "missing_lines": 8,
                        "excluded_lines": 0
                    },
                    "missing_lines": [
                        1810,
                        1811,
                        1812,
                        1814,
                        1815,
                        1819,
                        1820,
                        1821
                    ],
                    "excluded_lines": []
                },
                "delete_backup": {
                    "executed_lines": [],
                    "summary": {
                        "covered_lines": 0,
                        "num_statements": 8,
                        "percent_covered": 0.0,
                        "percent_covered_display": "0",
                        "missing_lines": 8,
                        "excluded_lines": 0
                    },
                    "missing_lines": [
                        1827,
                        1828,
                        1829,
                        1831,
                        1832,
                        1839,
                        1840,
                        1841
                    ],
                    "excluded_lines": []
                },
                "get_scheduler_status": {
                    "executed_lines": [],
                    "summary": {
                        "covered_lines": 0,
                        "num_statements": 8,
                        "percent_covered": 0.0,
                        "percent_covered_display": "0",
                        "missing_lines": 8,
                        "excluded_lines": 0
                    },
                    "missing_lines": [
                        1477,
                        1478,
                        1480,
                        1481,
                        1483,
                        1485,
                        1486,
                        1487
                    ],
                    "excluded_lines": []
                },
                "trigger_scheduled_task": {
                    "executed_lines": [],
                    "summary": {
                        "covered_lines": 0,
                        "num_statements": 13,
                        "percent_covered": 0.0,
                        "percent_covered_display": "0",
                        "missing_lines": 13,
                        "excluded_lines": 0
                    },
                    "missing_lines": [
                        1495,
                        1496,
                        1498,
                        1504,
                        1505,
                        1509,
                        1510,
                        1512,
                        1514,
                        1515,
                        1516,
                        1517,
                        1518
                    ],
                    "excluded_lines": []
                },
                "get_preference_mode": {
                    "executed_lines": [],
                    "summary": {
                        "covered_lines": 0,
                        "num_statements": 8,
                        "percent_covered": 0.0,
                        "percent_covered_display": "0",
                        "missing_lines": 8,
                        "excluded_lines": 0
                    },
                    "missing_lines": [
                        1531,
                        1532,
                        1534,
                        1535,
                        1537,
                        1539,
                        1540,
                        1541
                    ],
                    "excluded_lines": []
                },
                "set_preference_mode": {
                    "executed_lines": [],
                    "summary": {
                        "covered_lines": 0,
                        "num_statements": 18,
                        "percent_covered": 0.0,
                        "percent_covered_display": "0",
                        "missing_lines": 18,
                        "excluded_lines": 0
                    },
                    "missing_lines": [
                        1549,
                        1550,
                        1553,
                        1554,
                        1555,
                        1560,
                        1561,
                        1562,
                        1563,
                        1564,
                        1566,
                        1567,
                        1569,
                        1571,
                        1572,
                        1573,
                        1574,
                        1575
                    ],
                    "excluded_lines": []
                },
                "get_preference_stats": {
                    "executed_lines": [],
                    "summary": {
                        "covered_lines": 0,
                        "num_statements": 8,
                        "percent_covered": 0.0,
                        "percent_covered_display": "0",
                        "missing_lines": 8,
                        "excluded_lines": 0
                    },
                    "missing_lines": [
                        1583,
                        1584,
                        1586,
                        1587,
                        1589,
                        1591,
                        1592,
                        1593
                    ],
                    "excluded_lines": []
                },
                "get_scoring_stats": {
                    "executed_lines": [],
                    "summary": {
                        "covered_lines": 0,
                        "num_statements": 8,
                        "percent_covered": 0.0,
                        "percent_covered_display": "0",
                        "missing_lines": 8,
                        "excluded_lines": 0
                    },
                    "missing_lines": [
                        1604,
                        1605,
                        1607,
                        1608,
                        1610,
                        1612,
                        1613,
                        1614
                    ],
                    "excluded_lines": []
                },
                "trigger_scoring_update": {
                    "executed_lines": [],
                    "summary": {
                        "covered_lines": 0,
                        "num_statements": 8,
                        "percent_covered": 0.0,
                        "percent_covered_display": "0",
                        "missing_lines": 8,
                        "excluded_lines": 0
                    },
                    "missing_lines": [
                        1622,
                        1623,
                        1625,
                        1626,
                        1628,
                        1639,
                        1640,
                        1641
                    ],
                    "excluded_lines": []
                },
                "run_collection_task": {
                    "executed_lines": [],
                    "summary": {
                        "covered_lines": 0,
                        "num_statements": 41,
                        "percent_covered": 0.0,
                        "percent_covered_display": "0",
                        "missing_lines": 41,
                        "excluded_lines": 0
                    },
                    "missing_lines": [
                        1648,
                        1649,
                        1651,
                        1652,
                        1655,
                        1658,
                        1661,
                        1662,
                        1664,
                        1673,
                        1674,
                        1675,
                        1682,
                        1686,
                        1687,
                        1693,
                        1698,
                        1701,
                        1703,
                        1711,
                        1712,
                        1714,
                        1715,
                        1717,
                        1725,
                        1728,
                        1731,
                        1732,
                        1733,
                        1734,
                        1737,
                        1742,
                        1744,
                        1745,
                        1746,
                        1748,
                        1751,
                        1758,
                        1761,
                        1769,
                        1771
                    ],
                    "excluded_lines": []
                },
                "get_backup_summary": {
                    "executed_lines": [],
                    "summary": {
                        "covered_lines": 0,
                        "num_statements": 6,
                        "percent_covered": 0.0,
                        "percent_covered_display": "0",
                        "missing_lines": 6,
                        "excluded_lines": 0
                    },
                    "missing_lines": [
                        1847,
                        1848,
                        1849,
                        1850,
                        1851,
                        1852
                    ],
                    "excluded_lines": []
                },
                "validate_backup_environment": {
                    "executed_lines": [],
                    "summary": {
                        "covered_lines": 0,
                        "num_statements": 24,
                        "percent_covered": 0.0,
                        "percent_covered_display": "0",
                        "missing_lines": 24,
                        "excluded_lines": 0
                    },
                    "missing_lines": [
                        1858,
                        1859,
                        1862,
                        1863,
                        1866,
                        1867,
                        1868,
                        1869,
                        1870,
                        1871,
                        1872,
                        1875,
                        1876,
                        1877,
                        1878,
                        1879,
                        1880,
                        1883,
                        1884,
                        1885,
                        1887,
                        1895,
                        1897,
                        1898
                    ],
                    "excluded_lines": []
                },
                "": {
                    "executed_lines": [],
                    "summary": {
                        "covered_lines": 0,
                        "num_statements": 161,
                        "percent_covered": 0.0,
                        "percent_covered_display": "0",
                        "missing_lines": 161,
                        "excluded_lines": 0
                    },
                    "missing_lines": [
                        6,
                        7,
                        8,
                        9,
                        10,
                        11,
                        12,
                        13,
                        14,
                        15,
                        16,
                        19,
                        22,
                        25,
                        27,
                        28,
                        29,
                        30,
                        32,
                        33,
                        34,
                        35,
                        36,
                        38,
                        45,
                        46,
                        47,
                        48,
                        49,
                        50,
                        51,
                        52,
                        55,
                        56,
                        57,
                        58,
                        61,
                        62,
                        63,
                        64,
                        65,
                        66,
                        69,
                        81,
                        98,
                        99,
                        113,
                        122,
                        123,
                        155,
                        156,
                        176,
                        177,
                        182,
                        183,
                        203,
                        204,
                        254,
                        255,
                        266,
                        267,
                        285,
                        286,
                        313,
                        314,
                        323,
                        324,
                        382,
                        383,
                        474,
                        475,
                        506,
                        507,
                        525,
                        526,
                        588,
                        589,
                        612,
                        613,
                        636,
                        637,
                        664,
                        665,
                        693,
                        694,
                        715,
                        716,
                        737,
                        738,
                        801,
                        802,
                        873,
                        874,
                        903,
                        904,
                        942,
                        943,
                        985,
                        986,
                        1025,
                        1026,
                        1064,
                        1065,
                        1083,
                        1084,
                        1102,
                        1103,
                        1152,
                        1153,
                        1180,
                        1181,
                        1261,
                        1262,
                        1304,
                        1305,
                        1319,
                        1320,
                        1346,
                        1347,
                        1374,
                        1375,
                        1395,
                        1396,
                        1412,
                        1413,
                        1427,
                        1428,
                        1456,
                        1457,
                        1474,
                        1475,
                        1492,
                        1493,
                        1524,
                        1525,
                        1528,
                        1529,
                        1546,
                        1547,
                        1580,
                        1581,
                        1601,
                        1602,
                        1619,
                        1620,
                        1646,
                        1779,
                        1780,
                        1796,
                        1797,
                        1807,
                        1808,
                        1824,
                        1825,
                        1844,
                        1845,
                        1855,
                        1856,
                        1901,
                        1902,
                        1904
                    ],
                    "excluded_lines": []
                }
            },
            "classes": {
                "SearchRequest": {
                    "executed_lines": [],
                    "summary": {
                        "covered_lines": 0,
                        "num_statements": 0,
                        "percent_covered": 100.0,
                        "percent_covered_display": "100",
                        "missing_lines": 0,
                        "excluded_lines": 0
                    },
                    "missing_lines": [],
                    "excluded_lines": []
                },
                "RatingRequest": {
                    "executed_lines": [],
                    "summary": {
                        "covered_lines": 0,
                        "num_statements": 0,
                        "percent_covered": 100.0,
                        "percent_covered_display": "100",
                        "missing_lines": 0,
                        "excluded_lines": 0
                    },
                    "missing_lines": [],
                    "excluded_lines": []
                },
                "CollectionRequest": {
                    "executed_lines": [],
                    "summary": {
                        "covered_lines": 0,
                        "num_statements": 0,
                        "percent_covered": 100.0,
                        "percent_covered_display": "100",
                        "missing_lines": 0,
                        "excluded_lines": 0
                    },
                    "missing_lines": [],
                    "excluded_lines": []
                },
                "PreferenceModeRequest": {
                    "executed_lines": [],
                    "summary": {
                        "covered_lines": 0,
[...]
            },
            "missing_lines": [
                48,
                52,
                55,
                56,
                60,
                61,
                68,
                69,
                71,
                72,
                73,
                74,
                76,
                81,
                82,
                94,
                95,
                97,
                99,
                100,
                101,
                102,
                103,
                104,
                106,
                107,
                109,
                110,
                111,
                142,
                144,
                147,
                148,
                282,
                283,
                285,
                286,
                287,
                288,
                292,
                293,
                294,
                296,
                297,
                298,
                299,
                300,
                301,
                302,
                304,
                305,
                307,
                310,
                311,
                333,
                334,
                335,
                337,
                340,
                341,
                342,
                350,
                352,
                366,
                367
            ],
            "excluded_lines": [],
            "functions": {
                "ReferenceService.__init__": {
                    "executed_lines": [
                        44,
                        45
                    ],
                    "summary": {
                        "covered_lines": 2,
                        "num_statements": 2,
                        "percent_covered": 100.0,
                        "percent_covered_display": "100",
                        "missing_lines": 0,
                        "excluded_lines": 0
                    },
                    "missing_lines": [],
                    "excluded_lines": []
                },
                "ReferenceService.__aenter__": {
                    "executed_lines": [],
                    "summary": {
                        "covered_lines": 0,
                        "num_statements": 2,
                        "percent_covered": 0.0,
                        "percent_covered_display": "0",
                        "missing_lines": 2,
                        "excluded_lines": 0
                    },
                    "missing_lines": [
                        48,
                        52
                    ],
                    "excluded_lines": []
                },
                "ReferenceService.__aexit__": {
                    "executed_lines": [],
                    "summary": {
                        "covered_lines": 0,
                        "num_statements": 2,
                        "percent_covered": 0.0,
                        "percent_covered_display": "0",
                        "missing_lines": 2,
                        "excluded_lines": 0
                    },
                    "missing_lines": [
                        55,
                        56
                    ],
                    "excluded_lines": []
                },
                "ReferenceService._ensure_session": {
                    "executed_lines": [],
                    "summary": {
                        "covered_lines": 0,
                        "num_statements": 2,
                        "percent_covered": 0.0,
                        "percent_covered_display": "0",
                        "missing_lines": 2,
                        "excluded_lines": 0
                    },
                    "missing_lines": [
                        60,
                        61
                    ],
                    "excluded_lines": []
                },
                "ReferenceService._rate_limit": {
                    "executed_lines": [],
                    "summary": {
                        "covered_lines": 0,
                        "num_statements": 7,
                        "percent_covered": 0.0,
                        "percent_covered_display": "0",
                        "missing_lines": 7,
                        "excluded_lines": 0
                    },
                    "missing_lines": [
                        68,
                        69,
                        71,
                        72,
                        73,
                        74,
                        76
                    ],
                    "excluded_lines": []
                },
                "ReferenceService._construct_html_url": {
                    "executed_lines": [],
                    "summary": {
                        "covered_lines": 0,
                        "num_statements": 2,
                        "percent_covered": 0.0,
                        "percent_covered_display": "0",
                        "missing_lines": 2,
                        "excluded_lines": 0
                    },
                    "missing_lines": [
                        81,
                        82
                    ],
                    "excluded_lines": []
                },
                "ReferenceService.fetch_paper_html": {
                    "executed_lines": [],
                    "summary": {
                        "covered_lines": 0,
                        "num_statements": 14,
                        "percent_covered": 0.0,
                        "percent_covered_display": "0",
                        "missing_lines": 14,
                        "excluded_lines": 0
                    },
                    "missing_lines": [
                        94,
                        95,
                        97,
                        99,
                        100,
                        101,
                        102,
                        103,
                        104,
                        106,
                        107,
                        109,
                        110,
                        111
                    ],
                    "excluded_lines": []
                },
                "ReferenceService._extract_references_section": {
                    "executed_lines": [
                        124,
                        131,
                        132,
                        133,
                        134,
                        135,
                        138,
                        139,
                        140,
                        150,
                        151
                    ],
                    "summary": {
                        "covered_lines": 11,
                        "num_statements": 15,
                        "percent_covered": 73.33333333333333,
                        "percent_covered_display": "73",
                        "missing_lines": 4,
                        "excluded_lines": 0
                    },
                    "missing_lines": [
                        142,
                        144,
                        147,
                        148
                    ],
                    "excluded_lines": []
                },
                "ReferenceService._parse_reference_entry": {
                    "executed_lines": [
                        164,
                        165,
                        168,
                        175,
                        176,
                        177,
                        178,
                        180,
                        181,
                        182,
                        185,
                        186,
                        187,
                        188,
                        191,
                        204,
                        205,
                        206,
                        207,
                        210,
                        216,
                        217,
                        220,
                        231,
                        232,
                        233,
                        234,
                        236,
                        243,
                        244,
                        246
                    ],
                    "summary": {
                        "covered_lines": 31,
                        "num_statements": 31,
                        "percent_covered": 100.0,
                        "percent_covered_display": "100",
                        "missing_lines": 0,
                        "excluded_lines": 0
                    },
                    "missing_lines": [],
                    "excluded_lines": []
                },
                "ReferenceService.parse_references": {
                    "executed_lines": [
                        258,
                        259,
                        260,
                        264,
                        267,
                        268,
                        270,
                        271,
                        274,
                        275,
                        277,
                        278,
                        281,
                        291,
                        314,
                        315,
                        316,
                        317,
                        318,
                        320,
                        321
                    ],
                    "summary": {
                        "covered_lines": 21,
                        "num_statements": 42,
                        "percent_covered": 50.0,
                        "percent_covered_display": "50",
                        "missing_lines": 21,
                        "excluded_lines": 0
                    },
                    "missing_lines": [
                        282,
                        283,
                        285,
                        286,
                        287,
                        288,
                        292,
                        293,
                        294,
                        296,
                        297,
                        298,
                        299,
                        300,
                        301,
                        302,
                        304,
                        305,
                        307,
                        310,
                        311
                    ],
                    "excluded_lines": []
                },
                "ReferenceService.fetch_and_parse_references": {
                    "executed_lines": [],
                    "summary": {
                        "covered_lines": 0,
                        "num_statements": 9,
                        "percent_covered": 0.0,
                        "percent_covered_display": "0",
                        "missing_lines": 9,
                        "excluded_lines": 0
                    },
                    "missing_lines": [
                        333,
                        334,
                        335,
                        337,
                        340,
                        341,
                        342,
                        350,
                        352
                    ],
                    "excluded_lines": []
                },
                "fetch_paper_references": {
                    "executed_lines": [],
                    "summary": {
                        "covered_lines": 0,
                        "num_statements": 2,
                        "percent_covered": 0.0,
                        "percent_covered_display": "0",
                        "missing_lines": 2,
                        "excluded_lines": 0
                    },
                    "missing_lines": [
                        366,
                        367
                    ],
                    "excluded_lines": []
                },
                "": {
                    "executed_lines": [
                        2,
                        9,
                        10,
                        11,
                        12,
                        13,
                        14,
                        16,
                        19,
                        20,
                        21,
                        22,
                        23,
                        24,
                        25,
                        26,
                        27,
                        30,
                        31,
                        41,
                        43,
                        47,
                        54,
                        58,
                        66,
                        78,
                        84,
                        113,
                        153,
                        248,
                        323,
                        356
                    ],
                    "summary": {
                        "covered_lines": 29,
                        "num_statements": 29,
                        "percent_covered": 100.0,
                        "percent_covered_display": "100",
                        "missing_lines": 0,
                        "excluded_lines": 0
                    },
                    "missing_lines": [],
                    "excluded_lines": []
                }
            },
            "classes": {
                "ParsedReference": {
                    "executed_lines": [],
                    "summary": {
                        "covered_lines": 0,
                        "num_statements": 0,
                        "percent_covered": 100.0,
                        "percent_covered_display": "100",
                        "missing_lines": 0,
                        "excluded_lines": 0
                    },
                    "missing_lines": [],
                    "excluded_lines": []
                },
                "ReferenceService": {
                    "executed_lines": [
                        44,
                        45,
                        124,
                        131,
                        132,
                        133,
                        134,
                        135,
                        138,
                        139,
                        140,
                        150,
                        151,
                        164,
                        165,
                        168,
                        175,
                        176,
                        177,
                        178,
                        180,
                        181,
                        182,
                        185,
                        186,
                        187,
                        188,
                        191,
                        204,
                        205,
                        206,
                        207,
                        210,
                        216,
                        217,
                        220,
                        231,
                        232,
                        233,
                        234,
                        236,
                        243,
                        244,
                        246,
                        258,
                        259,
                        260,
                        264,
                        267,
                        268,
                        270,
                        271,
                        274,
                        275,
                        277,
                        278,
                        281,
                        291,
                        314,
                        315,
                        316,
                        317,
                        318,
                        320,
                        321
                    ],
                    "summary": {
                        "covered_lines": 65,
                        "num_statements": 128,
                        "percent_covered": 50.78125,
                        "percent_covered_display": "51",
                        "missing_lines": 63,
                        "excluded_lines": 0
                    },
                    "missing_lines": [
                        48,
                        52,
                        55,
                        56,
                        60,
                        61,
                        68,
                        69,
                        71,
                        72,
                        73,
                        74,
                        76,
                        81,
                        82,
                        94,
                        95,
                        97,
                        99,
                        100,
                        101,
                        102,
                        103,
                        104,
                        106,
                        107,
                        109,
                        110,
                        111,
                        142,
                        144,
                        147,
                        148,
                        282,
                        283,
                        285,
                        286,
                        287,
                        288,
                        292,
                        293,
                        294,
                        296,
                        297,
                        298,
                        299,
                        300,
                        301,
                        302,
                        304,
                        305,
                        307,
                        310,
                        311,
                        333,
                        334,
                        335,
                        337,
                        340,
                        341,
                        342,
                        350,
                        352
                    ],
                    "excluded_lines": []
                },
                "": {
                    "executed_lines": [
                        2,
                        9,
                        10,
                        11,
                        12,
                        13,
                        14,
                        16,
                        19,
                        20,
                        21,
                        22,
                        23,
                        24,
                        25,
                        26,
                        27,
                        30,
                        31,
                        41,
                        43,
                        47,
                        54,
                        58,
                        66,
                        78,
                        84,
                        113,
                        153,
                        248,
                        323,
                        356
                    ],
                    "summary": {
                        "covered_lines": 29,
                        "num_statements": 31,
                        "percent_covered": 93.54838709677419,
                        "percent_covered_display": "94",
                        "missing_lines": 2,
                        "excluded_lines": 0
                    },
                    "missing_lines": [
                        366,
                        367
                    ],
                    "excluded_lines": []
                }
            }
        }
    },
    "totals": {
        "covered_lines": 914,
        "num_statements": 4871,
        "percent_covered": 18.764114144939438,
        "percent_covered_display": "19",
        "missing_lines": 3957,
        "excluded_lines": 0
    }
}